<?xml version="1.0" encoding="UTF-8"?>
<testsuite xmlns:xsi="http://www.w3.org/2001/XMLSchema-instance" xsi:noNamespaceSchemaLocation="https://maven.apache.org/surefire/maven-surefire-plugin/xsd/surefire-test-report-3.0.xsd" version="3.0" name="aston.repository.UserRepositoryImplTest" time="4.656" tests="1" errors="1" skipped="0" failures="0">
  <properties>
[...]
</properties>
  <testcase name="save" classname="aston.repository.UserRepositoryImplTest" time="0.214">
    <error message="org.postgresql.util.PSQLException: ERROR: duplicate key value violates unique constraint &quot;users_pk&quot;&#10;  Подробности: Key (user_id)=(2) already exists." type="aston.exception.RepositoryException"><![CDATA[aston.exception.RepositoryException: 
org.postgresql.util.PSQLException: ERROR: duplicate key value violates unique constraint "users_pk"
  Подробности: Key (user_id)=(2) already exists.
	at aston.repository.impl.UserRepositoryImpl.save(UserRepositoryImpl.java:66)
	at aston.repository.impl.UserRepositoryImpl.save(UserRepositoryImpl.java:14)
	at aston.repository.UserRepositoryImplTest.save(UserRepositoryImplTest.java:69)
	at java.base/java.lang.reflect.Method.invoke(Method.java:568)
	at java.base/java.util.ArrayList.forEach(ArrayList.java:1511)
	at java.base/java.util.ArrayList.forEach(ArrayList.java:1511)
Caused by: org.postgresql.util.PSQLException: ERROR: duplicate key value violates unique constraint "users_pk"
  Подробности: Key (user_id)=(2) already exists.
	at org.postgresql.core.v3.QueryExecutorImpl.receiveErrorResponse(QueryExecutorImpl.java:2713)
	at org.postgresql.core.v3.QueryExecutorImpl.processResults(QueryExecutorImpl.java:2401)
	at org.postgresql.core.v3.QueryExecutorImpl.execute(QueryExecutorImpl.java:368)
	at org.postgresql.jdbc.PgStatement.executeInternal(PgStatement.java:498)
	at org.postgresql.jdbc.PgStatement.execute(PgStatement.java:415)
	at org.postgresql.jdbc.PgPreparedStatement.executeWithFlags(PgPreparedStatement.java:190)
	at org.postgresql.jdbc.PgPreparedStatement.executeUpdate(PgPreparedStatement.java:152)
	at aston.repository.impl.UserRepositoryImpl.save(UserRepositoryImpl.java:51)
	... 5 more
]]></error>
    <system-err><![CDATA[[main] INFO org.testcontainers.utility.ImageNameSubstitutor - Image name substitution will be performed by: DefaultImageNameSubstitutor (composite of 'ConfigurationFileImageNameSubstitutor' and 'PrefixingImageNameSubstitutor')
[main] INFO org.testcontainers.dockerclient.DockerClientProviderStrategy - Loaded org.testcontainers.dockerclient.NpipeSocketClientProviderStrategy from ~/.testcontainers.properties, will try it first
[main] INFO org.testcontainers.dockerclient.DockerClientProviderStrategy - Found Docker environment with local Npipe socket (npipe:////./pipe/docker_engine)
[main] INFO org.testcontainers.DockerClientFactory - Docker host IP address is localhost
[main] INFO org.testcontainers.DockerClientFactory - Connected to docker: 
  Server Version: 24.0.2
  API Version: 1.43
  Operating System: Docker Desktop
  Total Memory: 12624 MB
[main] INFO tc.testcontainers/ryuk:0.5.1 - Creating container for image: testcontainers/ryuk:0.5.1
[main] INFO org.testcontainers.utility.RegistryAuthLocator - Credential helper/store (docker-credential-desktop) does not have credentials for https://index.docker.io/v1/
[main] INFO tc.testcontainers/ryuk:0.5.1 - Container testcontainers/ryuk:0.5.1 is starting: ba4763e46cbc7981468b57fcefbc68869f61e4aa6bc5141b8bd66a6fdba84930
[main] INFO tc.testcontainers/ryuk:0.5.1 - Container testcontainers/ryuk:0.5.1 started in PT0.8976745S
[main] INFO org.testcontainers.utility.RyukResourceReaper - Ryuk started - will monitor and terminate Testcontainers containers on JVM exit
[main] INFO org.testcontainers.DockerClientFactory - Checking the system...
[main] INFO org.testcontainers.DockerClientFactory - ✔︎ Docker server version should be at least 1.6.0
[main] INFO tc.postgres:15-alpine - Creating container for image: postgres:15-alpine
[main] INFO tc.postgres:15-alpine - Container postgres:15-alpine is starting: acbd6dbe532be5edc60aa1d4b3a253a407413e5a0518f21463b2f355dbb4a16b
[main] INFO tc.postgres:15-alpine - Container postgres:15-alpine started in PT2.1671627S
[main] INFO tc.postgres:15-alpine - Container is started (JDBC URL: jdbc:postgresql://localhost:5432/users_db?loggerLevel=OFF)
[main] INFO org.testcontainers.ext.ScriptUtils - Executing database script from sql/schema.sql
[main] INFO org.testcontainers.ext.ScriptUtils - Executed database script from sql/schema.sql in 227 ms.
[main] INFO org.testcontainers.ext.ScriptUtils - Executing database script from sql/schema.sql
[main] INFO org.testcontainers.ext.ScriptUtils - Executed database script from sql/schema.sql in 122 ms.
]]></system-err>
  </testcase>
</testsuite>