<?xml version="1.0" encoding="UTF-8"?>
<testsuite xmlns:xsi="http://www.w3.org/2001/XMLSchema-instance" xsi:noNamespaceSchemaLocation="https://maven.apache.org/surefire/maven-surefire-plugin/xsd/surefire-test-report-3.0.xsd" version="3.0" name="aston.servlets.UserServletTest" time="0.495" tests="10" errors="0" skipped="0" failures="0">
  <properties>
[...]
</properties>
  <testcase name="doPost" classname="aston.servlets.UserServletTest" time="0.265"/>
  <testcase name="doDeleteNotFound" classname="aston.servlets.UserServletTest" time="0.006"/>
  <testcase name="doPutBadRequest" classname="aston.servlets.UserServletTest" time="0.009"/>
  <testcase name="doDelete" classname="aston.servlets.UserServletTest" time="0.004"/>
  <testcase name="doGetAll" classname="aston.servlets.UserServletTest" time="0.007"/>
  <testcase name="doPut" classname="aston.servlets.UserServletTest" time="0.004"/>
  <testcase name="doGetBadRequest" classname="aston.servlets.UserServletTest" time="0.003"/>
  <testcase name="doDeleteBadRequest" classname="aston.servlets.UserServletTest" time="0.004"/>
  <testcase name="doGetById" classname="aston.servlets.UserServletTest" time="0.003"/>
  <testcase name="doGetNotFoundException" classname="aston.servlets.UserServletTest" time="0.003"/>
</testsuite>